<?xml version="1.0" encoding="UTF-8"?>
<!-- Generated by org.testng.reporters.JUnitReportReporter -->
<testsuite hostname="P-Gosai-Pc" name="RestAssuredDemo.RestAssuredDemo.Getclass" tests="1" failures="0" timestamp="20 Mar 2020 05:34:19 GMT" time="3.348" errors="0">
  <testcase name="getUserDetailsTest" time="3.348" classname="RestAssuredDemo.RestAssuredDemo.Getclass"/>
</testsuite> <!-- RestAssuredDemo.RestAssuredDemo.Getclass -->
